<?xml version="1.0" encoding="UTF-8"?>
<!-- Generated by org.testng.reporters.JUnitXMLReporter -->
<testsuite ignored="0" hostname="DESKTOP-TBUTGKQ" failures="0" tests="5" name="Default test" time="27.826" errors="0" timestamp="2024-03-26T21:47:04 IST">
  <testcase classname="Rest_Assured.REST_API.BookerApi" name="HealthCheack" time="8.778"/>
  <testcase classname="Rest_Assured.REST_API.BookerApi" name="Token" time="6.156"/>
  <testcase classname="Rest_Assured.REST_API.BookerApi" name="createBooking" time="4.666"/>
  <testcase classname="Rest_Assured.REST_API.BookerApi" name="updateBooking" time="3.654"/>
  <testcase classname="Rest_Assured.REST_API.BookerApi" name="GetBooking" time="4.403"/>
</testsuite> <!-- Default test -->
