<?xml version="1.0" encoding="UTF-8"?>
<testng-results ignored="0" total="5" passed="5" failed="0" skipped="0">
  <reporter-output>
  </reporter-output>
  <suite started-at="2024-03-26T21:46:36 IST" name="Default suite" finished-at="2024-03-26T21:47:04 IST" duration-ms="27826">
    <groups>
    </groups>
    <test started-at="2024-03-26T21:46:36 IST" name="Default test" finished-at="2024-03-26T21:47:04 IST" duration-ms="27826">
      <class name="Rest_Assured.REST_API.BookerApi">
        <test-method signature="HealthCheack()[pri:0, instance:Rest_Assured.REST_API.BookerApi@1e04fa0a]" started-at="2024-03-26T21:46:36 IST" name="HealthCheack" finished-at="2024-03-26T21:46:45 IST" duration-ms="8778" status="PASS">
          <reporter-output>
          </reporter-output>
        </test-method> <!-- HealthCheack -->
        <test-method signature="Token()[pri:1, instance:Rest_Assured.REST_API.BookerApi@1e04fa0a]" started-at="2024-03-26T21:46:45 IST" name="Token" finished-at="2024-03-26T21:46:51 IST" duration-ms="6156" status="PASS">
          <reporter-output>
          </reporter-output>
        </test-method> <!-- Token -->
        <test-method signature="createBooking()[pri:2, instance:Rest_Assured.REST_API.BookerApi@1e04fa0a]" started-at="2024-03-26T21:46:51 IST" name="createBooking" finished-at="2024-03-26T21:46:56 IST" duration-ms="4666" status="PASS">
          <reporter-output>
          </reporter-output>
        </test-method> <!-- createBooking -->
        <test-method signature="updateBooking()[pri:3, instance:Rest_Assured.REST_API.BookerApi@1e04fa0a]" started-at="2024-03-26T21:46:56 IST" name="updateBooking" finished-at="2024-03-26T21:47:00 IST" duration-ms="3654" status="PASS">
          <reporter-output>
          </reporter-output>
        </test-method> <!-- updateBooking -->
        <test-method signature="GetBooking()[pri:4, instance:Rest_Assured.REST_API.BookerApi@1e04fa0a]" started-at="2024-03-26T21:47:00 IST" name="GetBooking" finished-at="2024-03-26T21:47:04 IST" depends-on-methods="Rest_Assured.REST_API.BookerApi.createBooking" duration-ms="4403" status="PASS">
          <reporter-output>
          </reporter-output>
        </test-method> <!-- GetBooking -->
      </class> <!-- Rest_Assured.REST_API.BookerApi -->
    </test> <!-- Default test -->
  </suite> <!-- Default suite -->
</testng-results>
